zxingdemo/build/outputs/logs/manifest-merger-debug-report.txt
-- Merging decision tree log ---
manifest
ADDED from src/main/AndroidManifest.xml:2:1-43:12
	package
		ADDED from src/main/AndroidManifest.xml:4:5-49
	android:versionName
		INJECTED from src/main/AndroidManifest.xml
		INJECTED from src/main/AndroidManifest.xml
	xmlns:tools
		ADDED from src/main/AndroidManifest.xml:3:5-51
	xmlns:android
		ADDED from src/main/AndroidManifest.xml:2:11-69
	android:versionCode
		INJECTED from src/main/AndroidManifest.xml
		INJECTED from src/main/AndroidManifest.xml
uses-sdk
ADDED from src/main/AndroidManifest.xml:11:5-111
MERGED from [com.android.support:recyclerview-v7:25.1.0] AndroidManifest.xml:20:5-43
MERGED from [pub.devrel:easypermissions:0.1.7] AndroidManifest.xml:8:5-10:41
MERGED from [com.android.support:appcompat-v7:25.1.0] AndroidManifest.xml:21:5-23:78
MERGED from [com.android.support:animated-vector-drawable:25.1.0] AndroidManifest.xml:20:5-44
MERGED from [com.android.support:support-vector-drawable:25.1.0] AndroidManifest.xml:21:5-43
MERGED from [cn.bingoogolapple:bga-photopicker:1.2.3] AndroidManifest.xml:6:5-9:46
MERGED from [cn.bingoogolapple:bga-adapter:1.1.8] AndroidManifest.xml:6:5-8:41
MERGED from [cn.bingoogolapple:bga-qrcodecore:1.1.7] AndroidManifest.xml:6:5-8:41
MERGED from [cn.bingoogolapple:bga-zxing:1.1.7] AndroidManifest.xml:6:5-8:41
MERGED from [com.android.databinding:adapters:1.3.1] AndroidManifest.xml:22:5-24:41
MERGED from [com.android.databinding:library:1.3.1] AndroidManifest.xml:22:5-24:41
MERGED from [com.android.support:support-v4:25.1.0] AndroidManifest.xml:21:5-23:54
MERGED from [com.android.support:support-fragment:25.1.0] AndroidManifest.xml:21:5-23:60
MERGED from [com.android.support:support-media-compat:25.1.0] AndroidManifest.xml:21:5-23:63
MERGED from [com.android.support:support-core-ui:25.1.0] AndroidManifest.xml:21:5-23:58
MERGED from [com.android.support:support-core-utils:25.1.0] AndroidManifest.xml:21:5-23:61
MERGED from [com.android.support:support-compat:25.1.0] AndroidManifest.xml:21:5-23:58
	tools:overrideLibrary
		ADDED from src/main/AndroidManifest.xml:11:15-108
	android:targetSdkVersion
		INJECTED from src/main/AndroidManifest.xml
		INJECTED from src/main/AndroidManifest.xml
	android:minSdkVersion
		INJECTED from src/main/AndroidManifest.xml
		INJECTED from src/main/AndroidManifest.xml
uses-permission#android.permission.CAMERA
ADDED from src/main/AndroidManifest.xml:13:5-65
MERGED from [cn.bingoogolapple:bga-photopicker:1.2.3] AndroidManifest.xml:12:5-65
	android:name
		ADDED from src/main/AndroidManifest.xml:13:22-62
uses-permission#android.permission.VIBRATE
ADDED from src/main/AndroidManifest.xml:14:5-66
	android:name
		ADDED from src/main/AndroidManifest.xml:14:22-63
uses-permission#android.permission.FLASHLIGHT
ADDED from src/main/AndroidManifest.xml:15:5-69
	android:name
		ADDED from src/main/AndroidManifest.xml:15:22-66
uses-permission#android.permission.WRITE_EXTERNAL_STORAGE
ADDED from src/main/AndroidManifest.xml:16:5-81
MERGED from [cn.bingoogolapple:bga-photopicker:1.2.3] AndroidManifest.xml:11:5-81
	android:name
		ADDED from src/main/AndroidManifest.xml:16:22-78
application
ADDED from src/main/AndroidManifest.xml:18:5-41:19
MERGED from [pub.devrel:easypermissions:0.1.7] AndroidManifest.xml:12:5-20
MERGED from [com.android.support:appcompat-v7:25.1.0] AndroidManifest.xml:25:5-20
MERGED from [com.android.support:animated-vector-drawable:25.1.0] AndroidManifest.xml:22:5-20
MERGED from [com.android.support:support-vector-drawable:25.1.0] AndroidManifest.xml:23:5-20
MERGED from [cn.bingoogolapple:bga-photopicker:1.2.3] AndroidManifest.xml:14:5-39:19
MERGED from [com.android.support:support-v4:25.1.0] AndroidManifest.xml:25:5-20
MERGED from [com.android.support:support-fragment:25.1.0] AndroidManifest.xml:25:5-20
MERGED from [com.android.support:support-media-compat:25.1.0] AndroidManifest.xml:25:5-20
MERGED from [com.android.support:support-core-ui:25.1.0] AndroidManifest.xml:25:5-20
MERGED from [com.android.support:support-core-utils:25.1.0] AndroidManifest.xml:25:5-20
MERGED from [com.android.support:support-compat:25.1.0] AndroidManifest.xml:25:5-20
	android:label
		ADDED from src/main/AndroidManifest.xml:21:9-41
	android:allowBackup
		ADDED from src/main/AndroidManifest.xml:19:9-35
	android:icon
		ADDED from src/main/AndroidManifest.xml:20:9-43
	android:theme
		ADDED from src/main/AndroidManifest.xml:22:9-40
activity#cn.bingoogolapple.qrcode.zxingdemo.MainActivity
ADDED from src/main/AndroidManifest.xml:23:9-32:20
	android:screenOrientation
		ADDED from src/main/AndroidManifest.xml:26:13-49
	android:label
		ADDED from src/main/AndroidManifest.xml:25:13-45
	android:name
		ADDED from src/main/AndroidManifest.xml:24:13-41
intent-filter#android.intent.action.MAIN+android.intent.category.LAUNCHER
ADDED from src/main/AndroidManifest.xml:27:13-31:29
action#android.intent.action.MAIN
ADDED from src/main/AndroidManifest.xml:28:17-69
	android:name
		ADDED from src/main/AndroidManifest.xml:28:25-66
category#android.intent.category.LAUNCHER
ADDED from src/main/AndroidManifest.xml:30:17-77
	android:name
		ADDED from src/main/AndroidManifest.xml:30:27-74
activity#cn.bingoogolapple.qrcode.zxingdemo.TestScanActivity
ADDED from src/main/AndroidManifest.xml:34:9-36:52
	android:screenOrientation
		ADDED from src/main/AndroidManifest.xml:36:13-49
	android:name
		ADDED from src/main/AndroidManifest.xml:35:13-45
activity#cn.bingoogolapple.qrcode.zxingdemo.TestGeneratectivity
ADDED from src/main/AndroidManifest.xml:38:9-40:52
	android:screenOrientation
		ADDED from src/main/AndroidManifest.xml:40:13-49
	android:name
		ADDED from src/main/AndroidManifest.xml:39:13-48
activity#cn.bingoogolapple.photopicker.activity.BGAPhotoPreviewActivity
ADDED from [cn.bingoogolapple:bga-photopicker:1.2.3] AndroidManifest.xml:17:9-22:63
	android:screenOrientation
		ADDED from [cn.bingoogolapple:bga-photopicker:1.2.3] AndroidManifest.xml:20:13-49
	android:windowSoftInputMode
		ADDED from [cn.bingoogolapple:bga-photopicker:1.2.3] AndroidManifest.xml:22:13-60
	android:configChanges
		ADDED from [cn.bingoogolapple:bga-photopicker:1.2.3] AndroidManifest.xml:19:13-63
	android:theme
		ADDED from [cn.bingoogolapple:bga-photopicker:1.2.3] AndroidManifest.xml:21:13-46
	android:name
		ADDED from [cn.bingoogolapple:bga-photopicker:1.2.3] AndroidManifest.xml:18:13-90
activity#cn.bingoogolapple.photopicker.activity.BGAPhotoPickerActivity
ADDED from [cn.bingoogolapple:bga-photopicker:1.2.3] AndroidManifest.xml:25:9-30:63
	android:screenOrientation
		ADDED from [cn.bingoogolapple:bga-photopicker:1.2.3] AndroidManifest.xml:28:13-49
	android:windowSoftInputMode
		ADDED from [cn.bingoogolapple:bga-photopicker:1.2.3] AndroidManifest.xml:30:13-60
	android:configChanges
		ADDED from [cn.bingoogolapple:bga-photopicker:1.2.3] AndroidManifest.xml:27:13-63
	android:theme
		ADDED from [cn.bingoogolapple:bga-photopicker:1.2.3] AndroidManifest.xml:29:13-46
	android:name
		ADDED from [cn.bingoogolapple:bga-photopicker:1.2.3] AndroidManifest.xml:26:13-89
activity#cn.bingoogolapple.photopicker.activity.BGAPhotoPickerPreviewActivity
ADDED from [cn.bingoogolapple:bga-photopicker:1.2.3] AndroidManifest.xml:33:9-38:63
	android:screenOrientation
		ADDED from [cn.bingoogolapple:bga-photopicker:1.2.3] AndroidManifest.xml:36:13-49
	android:windowSoftInputMode
		ADDED from [cn.bingoogolapple:bga-photopicker:1.2.3] AndroidManifest.xml:38:13-60
	android:configChanges
		ADDED from [cn.bingoogolapple:bga-photopicker:1.2.3] AndroidManifest.xml:35:13-63
	android:theme
		ADDED from [cn.bingoogolapple:bga-photopicker:1.2.3] AndroidManifest.xml:37:13-46
	android:name
		ADDED from [cn.bingoogolapple:bga-photopicker:1.2.3] AndroidManifest.xml:34:13-96